{"C:\\Users\\ashok\\OneDrive\\Desktop\\Project\\smart-farming-dashboard\\backend\\fuzzyLogic.js": {"path":"C:\\Users\\ashok\\OneDrive\\Desktop\\Project\\smart-farming-dashboard\\backend\\fuzzyLogic.js","statementMap":{"0":{"start":{"line":2,"column":26},"end":{"line":18,"column":1}},"1":{"start":{"line":3,"column":17},"end":{"line":3,"column":25}},"2":{"start":{"line":4,"column":14},"end":{"line":4,"column":43}},"3":{"start":{"line":5,"column":15},"end":{"line":5,"column":20}},"4":{"start":{"line":7,"column":4},"end":{"line":15,"column":5}},"5":{"start":{"line":8,"column":8},"end":{"line":8,"column":23}},"6":{"start":{"line":9,"column":8},"end":{"line":9,"column":20}},"7":{"start":{"line":10,"column":8},"end":{"line":10,"column":112}},"8":{"start":{"line":11,"column":11},"end":{"line":15,"column":5}},"9":{"start":{"line":12,"column":8},"end":{"line":12,"column":23}},"10":{"start":{"line":13,"column":8},"end":{"line":13,"column":21}},"11":{"start":{"line":14,"column":8},"end":{"line":14,"column":55}},"12":{"start":{"line":17,"column":4},"end":{"line":17,"column":33}},"13":{"start":{"line":20,"column":0},"end":{"line":20,"column":35}}},"fnMap":{"0":{"name":"(anonymous_0)","decl":{"start":{"line":2,"column":26},"end":{"line":2,"column":27}},"loc":{"start":{"line":2,"column":51},"end":{"line":18,"column":1}},"line":2}},"branchMap":{"0":{"loc":{"start":{"line":7,"column":4},"end":{"line":15,"column":5}},"type":"if","locations":[{"start":{"line":7,"column":4},"end":{"line":15,"column":5}},{"start":{"line":11,"column":11},"end":{"line":15,"column":5}}],"line":7},"1":{"loc":{"start":{"line":10,"column":14},"end":{"line":10,"column":111}},"type":"cond-expr","locations":[{"start":{"line":10,"column":26},"end":{"line":10,"column":79}},{"start":{"line":10,"column":82},"end":{"line":10,"column":111}}],"line":10},"2":{"loc":{"start":{"line":11,"column":11},"end":{"line":15,"column":5}},"type":"if","locations":[{"start":{"line":11,"column":11},"end":{"line":15,"column":5}},{"start":{},"end":{}}],"line":11},"3":{"loc":{"start":{"line":11,"column":15},"end":{"line":11,"column":40}},"type":"binary-expr","locations":[{"start":{"line":11,"column":15},"end":{"line":11,"column":28}},{"start":{"line":11,"column":32},"end":{"line":11,"column":40}}],"line":11}},"s":{"0":1,"1":3,"2":3,"3":3,"4":3,"5":1,"6":1,"7":1,"8":2,"9":1,"10":1,"11":1,"12":3,"13":1},"f":{"0":3},"b":{"0":[1,2],"1":[1,0],"2":[1,1],"3":[2,1]},"_coverageSchema":"1a1c01bbd47fc00a2c39e90264f33305004495a9","hash":"26935126f4ebb4b5881820d33af04ee8a1ceb9d5"}
}
